# JRE version: Java(TM) SE Runtime Environment (19.0.1+10) (build 19.0.1+10-21)
# Java VM: Java HotSpot(TM) 64-Bit Server VM (19.0.1+10-21, mixed mode, sharing, tiered, compressed oops, compressed class ptrs, g1 gc, windows-amd64)
GC Precious Log:
 CardTable entry size: 512
 Card Set container configuration: InlinePtr #cards 5 size 8 Array Of Cards #cards 12 size 40 Howl #buckets 4 coarsen threshold 1843 Howl Bitmap #cards 512 size 80 coarsen threshold 460 Card regions per heap region 1 cards per card region 2048
 CPUs: 2 total, 2 available
 Memory: 3935M
 Large Page Support: Disabled
 NUMA Support: Disabled
 Compressed Oops: Enabled (32-bit)
 Heap Region Size: 1M
 Heap Min Capacity: 8M
 Heap Initial Capacity: 62M
 Heap Max Capacity: 984M
 Pre-touch: Disabled
 Parallel Workers: 2
 Concurrent Workers: 1
 Concurrent Refinement Workers: 2
 Periodic GC: Disabled
Heap:
 garbage-first heap   total 48128K, used 18765K [0x00000000c2800000, 0x0000000100000000)
  region size 1024K, 3 young (3072K), 2 survivors (2048K)
 Metaspace       used 38476K, committed 39040K, reserved 1114112K
  class space    used 4414K, committed 4672K, reserved 1048576K
GC Heap History (20 events):
Event: 1946.548 GC heap before
{Heap before GC invocations=51 (full 6):
 garbage-first heap   total 60416K, used 46640K [0x00000000c2800000, 0x0000000100000000)
  region size 1024K, 20 young (20480K), 1 survivors (1024K)
 Metaspace       used 38226K, committed 38784K, reserved 1114112K
  class space    used 4398K, committed 4672K, reserved 1048576K
}
Event: 1946.570 GC heap after
{Heap after GC invocations=52 (full 6):
 garbage-first heap   total 60416K, used 27957K [0x00000000c2800000, 0x0000000100000000)
  region size 1024K, 1 young (1024K), 1 survivors (1024K)
 Metaspace       used 38226K, committed 38784K, reserved 1114112K
  class space    used 4398K, committed 4672K, reserved 1048576K
}
Event: 4299.114 GC heap before
{Heap before GC invocations=53 (full 6):
 garbage-first heap   total 60416K, used 48437K [0x00000000c2800000, 0x0000000100000000)
  region size 1024K, 21 young (21504K), 1 survivors (1024K)
 Metaspace       used 38249K, committed 38784K, reserved 1114112K
  class space    used 4399K, committed 4672K, reserved 1048576K
}
Event: 4299.156 GC heap after
{Heap after GC invocations=54 (full 6):
 garbage-first heap   total 60416K, used 28057K [0x00000000c2800000, 0x0000000100000000)
  region size 1024K, 1 young (1024K), 1 survivors (1024K)
 Metaspace       used 38249K, committed 38784K, reserved 1114112K
  class space    used 4399K, committed 4672K, reserved 1048576K
}
Event: 4326.027 GC heap before
{Heap before GC invocations=54 (full 6):
 garbage-first heap   total 60416K, used 29081K [0x00000000c2800000, 0x0000000100000000)
  region size 1024K, 2 young (2048K), 1 survivors (1024K)
 Metaspace       used 38250K, committed 38784K, reserved 1114112K
  class space    used 4399K, committed 4672K, reserved 1048576K
}
Event: 4326.124 GC heap after
{Heap after GC invocations=55 (full 6):
 garbage-first heap   total 60416K, used 27252K [0x00000000c2800000, 0x0000000100000000)
  region size 1024K, 1 young (1024K), 1 survivors (1024K)
 Metaspace       used 38250K, committed 38784K, reserved 1114112K
  class space    used 4399K, committed 4672K, reserved 1048576K
}
Event: 4444.247 GC heap before
{Heap before GC invocations=55 (full 6):
 garbage-first heap   total 60416K, used 31348K [0x00000000c2800000, 0x0000000100000000)
  region size 1024K, 6 young (6144K), 1 survivors (1024K)
 Metaspace       used 38264K, committed 38784K, reserved 1114112K
  class space    used 4401K, committed 4672K, reserved 1048576K
}
Event: 4444.515 GC heap after
{Heap after GC invocations=56 (full 7):
 garbage-first heap   total 48128K, used 13306K [0x00000000c2800000, 0x0000000100000000)
  region size 1024K, 0 young (0K), 0 survivors (0K)
 Metaspace       used 38121K, committed 38784K, reserved 1114112K
  class space    used 4371K, committed 4672K, reserved 1048576K
}
Event: 4450.173 GC heap before
{Heap before GC invocations=56 (full 7):
 garbage-first heap   total 48128K, used 35834K [0x00000000c2800000, 0x0000000100000000)
  region size 1024K, 23 young (23552K), 0 survivors (0K)
 Metaspace       used 38201K, committed 38784K, reserved 1114112K
  class space    used 4383K, committed 4672K, reserved 1048576K
}
Event: 4450.211 GC heap after
{Heap after GC invocations=57 (full 7):
 garbage-first heap   total 48128K, used 15701K [0x00000000c2800000, 0x0000000100000000)
  region size 1024K, 3 young (3072K), 3 survivors (3072K)
 Metaspace       used 38201K, committed 38784K, reserved 1114112K
  class space    used 4383K, committed 4672K, reserved 1048576K
}
Event: 4559.155 GC heap before
{Heap before GC invocations=58 (full 7):
 garbage-first heap   total 48128K, used 36181K [0x00000000c2800000, 0x0000000100000000)
  region size 1024K, 23 young (23552K), 3 survivors (3072K)
 Metaspace       used 38469K, committed 38976K, reserved 1114112K
  class space    used 4428K, committed 4672K, reserved 1048576K
}
Event: 4559.368 GC heap after
{Heap after GC invocations=59 (full 7):
 garbage-first heap   total 48128K, used 17912K [0x00000000c2800000, 0x0000000100000000)
  region size 1024K, 3 young (3072K), 3 survivors (3072K)
 Metaspace       used 38469K, committed 38976K, reserved 1114112K
  class space    used 4428K, committed 4672K, reserved 1048576K
}
Event: 4586.346 GC heap before
{Heap before GC invocations=59 (full 7):
 garbage-first heap   total 48128K, used 18936K [0x00000000c2800000, 0x0000000100000000)
  region size 1024K, 4 young (4096K), 3 survivors (3072K)
 Metaspace       used 38469K, committed 38976K, reserved 1114112K
  class space    used 4428K, committed 4672K, reserved 1048576K
}
Event: 4586.435 GC heap after
{Heap after GC invocations=60 (full 7):
 garbage-first heap   total 48128K, used 18221K [0x00000000c2800000, 0x0000000100000000)
  region size 1024K, 1 young (1024K), 1 survivors (1024K)
 Metaspace       used 38469K, committed 38976K, reserved 1114112K
  class space    used 4428K, committed 4672K, reserved 1048576K
}
Event: 4748.188 GC heap before
{Heap before GC invocations=60 (full 7):
 garbage-first heap   total 48128K, used 24365K [0x00000000c2800000, 0x0000000100000000)
  region size 1024K, 8 young (8192K), 1 survivors (1024K)
 Metaspace       used 38497K, committed 39040K, reserved 1114112K
  class space    used 4430K, committed 4672K, reserved 1048576K
}
Event: 4748.291 GC heap after
{Heap after GC invocations=61 (full 8):
 garbage-first heap   total 48128K, used 15287K [0x00000000c2800000, 0x0000000100000000)
  region size 1024K, 0 young (0K), 0 survivors (0K)
 Metaspace       used 38405K, committed 39040K, reserved 1114112K
  class space    used 4409K, committed 4672K, reserved 1048576K
}
Event: 4749.659 GC heap before
{Heap before GC invocations=61 (full 8):
 garbage-first heap   total 48128K, used 34743K [0x00000000c2800000, 0x0000000100000000)
  region size 1024K, 20 young (20480K), 0 survivors (0K)
 Metaspace       used 38427K, committed 39040K, reserved 1114112K
  class space    used 4411K, committed 4672K, reserved 1048576K
}
Event: 4749.739 GC heap after
{Heap after GC invocations=62 (full 8):
 garbage-first heap   total 48128K, used 17041K [0x00000000c2800000, 0x0000000100000000)
  region size 1024K, 2 young (2048K), 2 survivors (2048K)
 Metaspace       used 38427K, committed 39040K, reserved 1114112K
  class space    used 4411K, committed 4672K, reserved 1048576K
}
Event: 4909.137 GC heap before
{Heap before GC invocations=63 (full 8):
 garbage-first heap   total 48128K, used 36497K [0x00000000c2800000, 0x0000000100000000)
  region size 1024K, 21 young (21504K), 2 survivors (2048K)
 Metaspace       used 38468K, committed 39040K, reserved 1114112K
  class space    used 4412K, committed 4672K, reserved 1048576K
}
Event: 4909.150 GC heap after
{Heap after GC invocations=64 (full 8):
 garbage-first heap   total 48128K, used 17741K [0x00000000c2800000, 0x0000000100000000)
  region size 1024K, 2 young (2048K), 2 survivors (2048K)
 Metaspace       used 38468K, committed 39040K, reserved 1114112K
  class space    used 4412K, committed 4672K, reserved 1048576K
}

